The system is: Windows - 10.0.19042 - AMD64
Compiling the C compiler identification source file "CMakeCCompilerId.c" succeeded.
Compiler: C:/Program Files (x86)/Microsoft Visual Studio/2019/Enterprise/VC/Tools/MSVC/14.28.29910/bin/Hostx86/x86/cl.exe 
Build flags: 
Id flags:  

The output was:
0
Оптимизирующий компилятор Microsoft (R) C/C++ версии 19.28.29910 для x86
(C) Корпорация Майкрософт (Microsoft Corporation).  Все права защищены.

CMakeCCompilerId.c
Microsoft (R) Incremental Linker Version 14.28.29910.0
Copyright (C) Microsoft Corporation.  All rights reserved.

/out:CMakeCCompilerId.exe 
CMakeCCompilerId.obj 


Compilation of the C compiler identification source "CMakeCCompilerId.c" produced "CMakeCCompilerId.exe"

Compilation of the C compiler identification source "CMakeCCompilerId.c" produced "CMakeCCompilerId.obj"

The C compiler identification is MSVC, found in "C:/Programmig in SPBSTU/Course-work/cmake-build-debug/CMakeFiles/3.17.5/CompilerIdC/CMakeCCompilerId.exe"

Determining if the C compiler works passed with the following output:
Change Dir: C:/Programmig in SPBSTU/Course-work/cmake-build-debug/CMakeFiles/CMakeTmp

Run Build Command(s):nmake /nologo cmTC_d3838\fast && 	"C:\Program Files (x86)\Microsoft Visual Studio\2019\Enterprise\VC\Tools\MSVC\14.28.29910\bin\HostX86\x86\nmake.exe"  -f CMakeFiles\cmTC_d3838.dir\build.make /nologo -L                  CMakeFiles\cmTC_d3838.dir\build
Building C object CMakeFiles/cmTC_d3838.dir/testCCompiler.c.obj
	C:\PROGRA~2\MICROS~3\2019\ENTERP~1\VC\Tools\MSVC\1428~1.299\bin\Hostx86\x86\cl.exe @C:\Users\mdidk\AppData\Local\Temp\nm7185.tmp
testCCompiler.c
Linking C executable cmTC_d3838.exe
	C:\Users\mdidk\AppData\Local\JetBrains\Toolbox\apps\CLion\ch-0\203.7148.70\bin\cmake\win\bin\cmake.exe -E vs_link_exe --intdir=CMakeFiles\cmTC_d3838.dir --rc=C:\PROGRA~2\WI3CF2~1\10\bin\100183~1.0\x86\rc.exe --mt=C:\PROGRA~2\WI3CF2~1\10\bin\100183~1.0\x86\mt.exe --manifests  -- C:\PROGRA~2\MICROS~3\2019\ENTERP~1\VC\Tools\MSVC\1428~1.299\bin\Hostx86\x86\link.exe /nologo @CMakeFiles\cmTC_d3838.dir\objects1.rsp @C:\Users\mdidk\AppData\Local\Temp\nm72CE.tmp



Detecting C compiler ABI info compiled with the following output:
Change Dir: C:/Programmig in SPBSTU/Course-work/cmake-build-debug/CMakeFiles/CMakeTmp

Run Build Command(s):nmake /nologo cmTC_f23dc\fast && 	"C:\Program Files (x86)\Microsoft Visual Studio\2019\Enterprise\VC\Tools\MSVC\14.28.29910\bin\HostX86\x86\nmake.exe"  -f CMakeFiles\cmTC_f23dc.dir\build.make /nologo -L                  CMakeFiles\cmTC_f23dc.dir\build
Building C object CMakeFiles/cmTC_f23dc.dir/CMakeCCompilerABI.c.obj
	C:\PROGRA~2\MICROS~3\2019\ENTERP~1\VC\Tools\MSVC\1428~1.299\bin\Hostx86\x86\cl.exe @C:\Users\mdidk\AppData\Local\Temp\nm7444.tmp
CMakeCCompilerABI.c
Linking C executable cmTC_f23dc.exe
	C:\Users\mdidk\AppData\Local\JetBrains\Toolbox\apps\CLion\ch-0\203.7148.70\bin\cmake\win\bin\cmake.exe -E vs_link_exe --intdir=CMakeFiles\cmTC_f23dc.dir --rc=C:\PROGRA~2\WI3CF2~1\10\bin\100183~1.0\x86\rc.exe --mt=C:\PROGRA~2\WI3CF2~1\10\bin\100183~1.0\x86\mt.exe --manifests  -- C:\PROGRA~2\MICROS~3\2019\ENTERP~1\VC\Tools\MSVC\1428~1.299\bin\Hostx86\x86\link.exe /nologo @CMakeFiles\cmTC_f23dc.dir\objects1.rsp @C:\Users\mdidk\AppData\Local\Temp\nm7484.tmp



